[debug] [2022-10-27T20:34:52.228Z] ----------------------------------------------------------------------
[debug] [2022-10-27T20:34:52.230Z] Command:       C:\Program Files\nodejs\node.exe C:\Users\User\AppData\Roaming\npm\node_modules\firebase-tools\lib\bin\firebase.js init
[debug] [2022-10-27T20:34:52.230Z] CLI Version:   9.20.0
[debug] [2022-10-27T20:34:52.231Z] Platform:      win32
[debug] [2022-10-27T20:34:52.231Z] Node Version:  v14.20.1
[debug] [2022-10-27T20:34:52.231Z] Time:          Fri Oct 28 2022 02:34:52 GMT+0600 (Bangladesh Standard Time)
[debug] [2022-10-27T20:34:52.231Z] ----------------------------------------------------------------------
[debug] 
[debug] [2022-10-27T20:34:52.233Z] >>> [apiv2][query] GET https://firebase-public.firebaseio.com/cli.json [none]
[debug] [2022-10-27T20:34:52.293Z] > command requires scopes: ["email","openid","https://www.googleapis.com/auth/cloudplatformprojects.readonly","https://www.googleapis.com/auth/firebase","https://www.googleapis.com/auth/cloud-platform"]
[debug] [2022-10-27T20:34:52.294Z] > authorizing via signed-in user (hasinurresob@gmail.com)
[info] 
     ######## #### ########  ######## ########     ###     ######  ########
     ##        ##  ##     ## ##       ##     ##  ##   ##  ##       ##
     ######    ##  ########  ######   ########  #########  ######  ######
     ##        ##  ##    ##  ##       ##     ## ##     ##       ## ##
     ##       #### ##     ## ######## ########  ##     ##  ######  ########

You're about to initialize a Firebase project in this directory:

  D:\login-registration

Before we get started, keep in mind:

  * You are initializing within an existing Firebase project directory

[debug] [2022-10-27T20:34:52.937Z] <<< [apiv2][status] GET https://firebase-public.firebaseio.com/cli.json 200
[debug] [2022-10-27T20:34:52.937Z] <<< [apiv2][body] GET https://firebase-public.firebaseio.com/cli.json {"cloudBuildErrorAfter":1594252800000,"cloudBuildWarnAfter":1590019200000,"defaultNode10After":1594252800000,"minVersion":"3.0.5","node8DeploysDisabledAfter":1613390400000,"node8RuntimeDisabledAfter":1615809600000,"node8WarnAfter":1600128000000}
